# JRE version: Java(TM) SE Runtime Environment (8.0_241-b07) (build 1.8.0_241-b07)
# Java VM: Java HotSpot(TM) 64-Bit Server VM (25.241-b07 mixed mode windows-amd64 compressed oops)
Heap:
 PSYoungGen      total 425472K, used 378652K [0x00000000e0000000, 0x0000000100000000, 0x0000000100000000)
  eden space 394240K, 93% used [0x00000000e0000000,0x00000000f66f5188,0x00000000f8100000)
  from space 31232K, 35% used [0x00000000f8100000,0x00000000f8bd1e78,0x00000000f9f80000)
  to   space 29696K, 0% used [0x00000000fe300000,0x00000000fe300000,0x0000000100000000)
 ParOldGen       total 104448K, used 64559K [0x00000000a0000000, 0x00000000a6600000, 0x00000000e0000000)
  object space 104448K, 61% used [0x00000000a0000000,0x00000000a3f0bd60,0x00000000a6600000)
 Metaspace       used 90075K, capacity 95038K, committed 95104K, reserved 1130496K
  class space    used 12244K, capacity 13124K, committed 13184K, reserved 1048576K
GC Heap History (10 events):
Event: 37.535 GC heap before
{Heap before GC invocations=16 (full 3):
 PSYoungGen      total 219136K, used 198656K [0x00000000e0000000, 0x00000000f2980000, 0x0000000100000000)
  eden space 198656K, 100% used [0x00000000e0000000,0x00000000ec200000,0x00000000ec200000)
  from space 20480K, 0% used [0x00000000ed680000,0x00000000ed680000,0x00000000eea80000)
  to   space 20992K, 0% used [0x00000000ec200000,0x00000000ec200000,0x00000000ed680000)
 ParOldGen       total 104448K, used 30630K [0x00000000a0000000, 0x00000000a6600000, 0x00000000e0000000)
  object space 104448K, 29% used [0x00000000a0000000,0x00000000a1de9a18,0x00000000a6600000)
 Metaspace       used 61610K, capacity 63818K, committed 63872K, reserved 1103872K
  class space    used 8582K, capacity 9064K, committed 9088K, reserved 1048576K
Event: 37.577 GC heap after
Heap after GC invocations=16 (full 3):
 PSYoungGen      total 219648K, used 17783K [0x00000000e0000000, 0x00000000f4b80000, 0x0000000100000000)
  eden space 198656K, 0% used [0x00000000e0000000,0x00000000e0000000,0x00000000ec200000)
  from space 20992K, 84% used [0x00000000ec200000,0x00000000ed35dee8,0x00000000ed680000)
  to   space 23040K, 0% used [0x00000000f3500000,0x00000000f3500000,0x00000000f4b80000)
 ParOldGen       total 104448K, used 30638K [0x00000000a0000000, 0x00000000a6600000, 0x00000000e0000000)
  object space 104448K, 29% used [0x00000000a0000000,0x00000000a1deba18,0x00000000a6600000)
 Metaspace       used 61610K, capacity 63818K, committed 63872K, reserved 1103872K
  class space    used 8582K, capacity 9064K, committed 9088K, reserved 1048576K
}
Event: 48.223 GC heap before
{Heap before GC invocations=17 (full 3):
 PSYoungGen      total 219648K, used 216439K [0x00000000e0000000, 0x00000000f4b80000, 0x0000000100000000)
  eden space 198656K, 100% used [0x00000000e0000000,0x00000000ec200000,0x00000000ec200000)
  from space 20992K, 84% used [0x00000000ec200000,0x00000000ed35dee8,0x00000000ed680000)
  to   space 23040K, 0% used [0x00000000f3500000,0x00000000f3500000,0x00000000f4b80000)
 ParOldGen       total 104448K, used 30638K [0x00000000a0000000, 0x00000000a6600000, 0x00000000e0000000)
  object space 104448K, 29% used [0x00000000a0000000,0x00000000a1deba18,0x00000000a6600000)
 Metaspace       used 68932K, capacity 71292K, committed 71552K, reserved 1110016K
  class space    used 9576K, capacity 10051K, committed 10112K, reserved 1048576K
Event: 48.278 GC heap after
Heap after GC invocations=17 (full 3):
 PSYoungGen      total 307200K, used 17306K [0x00000000e0000000, 0x00000000f4880000, 0x0000000100000000)
  eden space 287232K, 0% used [0x00000000e0000000,0x00000000e0000000,0x00000000f1880000)
  from space 19968K, 86% used [0x00000000f3500000,0x00000000f45e6b78,0x00000000f4880000)
  to   space 24576K, 0% used [0x00000000f1880000,0x00000000f1880000,0x00000000f3080000)
 ParOldGen       total 104448K, used 45554K [0x00000000a0000000, 0x00000000a6600000, 0x00000000e0000000)
  object space 104448K, 43% used [0x00000000a0000000,0x00000000a2c7cb98,0x00000000a6600000)
 Metaspace       used 68932K, capacity 71292K, committed 71552K, reserved 1110016K
  class space    used 9576K, capacity 10051K, committed 10112K, reserved 1048576K
}
Event: 829.886 GC heap before
{Heap before GC invocations=18 (full 3):
 PSYoungGen      total 307200K, used 304538K [0x00000000e0000000, 0x00000000f4880000, 0x0000000100000000)
  eden space 287232K, 100% used [0x00000000e0000000,0x00000000f1880000,0x00000000f1880000)
  from space 19968K, 86% used [0x00000000f3500000,0x00000000f45e6b78,0x00000000f4880000)
  to   space 24576K, 0% used [0x00000000f1880000,0x00000000f1880000,0x00000000f3080000)
 ParOldGen       total 104448K, used 45554K [0x00000000a0000000, 0x00000000a6600000, 0x00000000e0000000)
  object space 104448K, 43% used [0x00000000a0000000,0x00000000a2c7cb98,0x00000000a6600000)
 Metaspace       used 84940K, capacity 88942K, committed 89088K, reserved 1126400K
  class space    used 11758K, capacity 12480K, committed 12544K, reserved 1048576K
Event: 829.976 GC heap after
Heap after GC invocations=18 (full 3):
 PSYoungGen      total 311808K, used 24565K [0x00000000e0000000, 0x00000000fcc00000, 0x0000000100000000)
  eden space 287232K, 0% used [0x00000000e0000000,0x00000000e0000000,0x00000000f1880000)
  from space 24576K, 99% used [0x00000000f1880000,0x00000000f307d4d8,0x00000000f3080000)
  to   space 32768K, 0% used [0x00000000fac00000,0x00000000fac00000,0x00000000fcc00000)
 ParOldGen       total 104448K, used 57095K [0x00000000a0000000, 0x00000000a6600000, 0x00000000e0000000)
  object space 104448K, 54% used [0x00000000a0000000,0x00000000a37c1c00,0x00000000a6600000)
 Metaspace       used 84940K, capacity 88942K, committed 89088K, reserved 1126400K
  class space    used 11758K, capacity 12480K, committed 12544K, reserved 1048576K
}
Event: 862.401 GC heap before
{Heap before GC invocations=19 (full 3):
 PSYoungGen      total 311808K, used 311797K [0x00000000e0000000, 0x00000000fcc00000, 0x0000000100000000)
  eden space 287232K, 100% used [0x00000000e0000000,0x00000000f1880000,0x00000000f1880000)
  from space 24576K, 99% used [0x00000000f1880000,0x00000000f307d4d8,0x00000000f3080000)
  to   space 32768K, 0% used [0x00000000fac00000,0x00000000fac00000,0x00000000fcc00000)
 ParOldGen       total 104448K, used 57095K [0x00000000a0000000, 0x00000000a6600000, 0x00000000e0000000)
  object space 104448K, 54% used [0x00000000a0000000,0x00000000a37c1c00,0x00000000a6600000)
 Metaspace       used 85779K, capacity 90134K, committed 90240K, reserved 1126400K
  class space    used 11831K, capacity 12604K, committed 12672K, reserved 1048576K
Event: 862.441 GC heap after
Heap after GC invocations=19 (full 3):
 PSYoungGen      total 412672K, used 10160K [0x00000000e0000000, 0x00000000fbe00000, 0x0000000100000000)
  eden space 394240K, 0% used [0x00000000e0000000,0x00000000e0000000,0x00000000f8100000)
  from space 18432K, 55% used [0x00000000fac00000,0x00000000fb5ec020,0x00000000fbe00000)
  to   space 31232K, 0% used [0x00000000f8100000,0x00000000f8100000,0x00000000f9f80000)
 ParOldGen       total 104448K, used 64215K [0x00000000a0000000, 0x00000000a6600000, 0x00000000e0000000)
  object space 104448K, 61% used [0x00000000a0000000,0x00000000a3eb5d40,0x00000000a6600000)
 Metaspace       used 85779K, capacity 90134K, committed 90240K, reserved 1126400K
  class space    used 11831K, capacity 12604K, committed 12672K, reserved 1048576K
}
Event: 1143.278 GC heap before
{Heap before GC invocations=20 (full 3):
 PSYoungGen      total 412672K, used 404400K [0x00000000e0000000, 0x00000000fbe00000, 0x0000000100000000)
  eden space 394240K, 100% used [0x00000000e0000000,0x00000000f8100000,0x00000000f8100000)
  from space 18432K, 55% used [0x00000000fac00000,0x00000000fb5ec020,0x00000000fbe00000)
  to   space 31232K, 0% used [0x00000000f8100000,0x00000000f8100000,0x00000000f9f80000)
 ParOldGen       total 104448K, used 64215K [0x00000000a0000000, 0x00000000a6600000, 0x00000000e0000000)
  object space 104448K, 61% used [0x00000000a0000000,0x00000000a3eb5d40,0x00000000a6600000)
 Metaspace       used 87090K, capacity 91764K, committed 92032K, reserved 1128448K
  class space    used 11939K, capacity 12801K, committed 12928K, reserved 1048576K
Event: 1143.307 GC heap after
Heap after GC invocations=20 (full 3):
 PSYoungGen      total 425472K, used 11079K [0x00000000e0000000, 0x0000000100000000, 0x0000000100000000)
  eden space 394240K, 0% used [0x00000000e0000000,0x00000000e0000000,0x00000000f8100000)
  from space 31232K, 35% used [0x00000000f8100000,0x00000000f8bd1e78,0x00000000f9f80000)
  to   space 29696K, 0% used [0x00000000fe300000,0x00000000fe300000,0x0000000100000000)
 ParOldGen       total 104448K, used 64559K [0x00000000a0000000, 0x00000000a6600000, 0x00000000e0000000)
  object space 104448K, 61% used [0x00000000a0000000,0x00000000a3f0bd60,0x00000000a6600000)
 Metaspace       used 87090K, capacity 91764K, committed 92032K, reserved 1128448K
  class space    used 11939K, capacity 12801K, committed 12928K, reserved 1048576K
}

